SF:lib\core\datasource_execution\results.dart
DA:6,1
DA:12,0
LF:2
LH:1
end_of_record
SF:lib\features\auth\domain\entities\verify_reset_code\verify_reset_code_response.dart
DA:4,1
LF:1
LH:1
end_of_record
SF:lib\features\auth\domain\use_case\verify_reset_code_use_case.dart
DA:10,1
DA:12,1
DA:14,2
LF:3
LH:3
end_of_record
SF:lib\features\auth\domain\entities\authentication\authentication_request.dart
DA:5,0
LF:1
LH:0
end_of_record
SF:lib\features\auth\domain\entities\authentication\authentication_response.dart
DA:9,0
LF:1
LH:0
end_of_record
SF:lib\features\auth\domain\entities\forgetPassword\forget_password_response.dart
DA:6,0
LF:1
LH:0
end_of_record
SF:lib\features\auth\domain\entities\registration\registration_response.dart
DA:4,0
LF:1
LH:0
end_of_record
SF:lib\features\auth\domain\entities\registration\registration_user.dart
DA:2,0
LF:1
LH:0
end_of_record
SF:lib\features\auth\domain\entities\reset_password\reset_password_request.dart
DA:5,0
LF:1
LH:0
end_of_record
SF:lib\features\auth\domain\entities\reset_password\reset_password_response.dart
DA:5,0
LF:1
LH:0
end_of_record
SF:lib\features\auth\domain\entities\user\user.dart
DA:12,0
LF:1
LH:0
end_of_record
